C51 COMPILER V9.52.0.0   LCD1602                                                           12/07/2018 17:12:46 PAGE 1   


C51 COMPILER V9.52.0.0, COMPILATION OF MODULE LCD1602
OBJECT MODULE PLACED IN Lcd1602.OBJ
COMPILER INVOKED BY: C:\Keil\C51\BIN\C51.EXE Lcd1602.c COMPACT BROWSE DEBUG OBJECTEXTEND TABS(2)

line level    source

   1          
   2          #include <reg52.h>
   3          
   4          #define LCD1602_DB  P0
   5          sbit LCD1602_RS = P2^7;
   6          sbit LCD1602_RW = P2^6;
   7          sbit LCD1602_E  = P2^5;
   8          
   9          void LcdWaitReady()
  10          {
  11   1          unsigned char sta;
  12   1          
  13   1          LCD1602_DB = 0xFF;
  14   1          LCD1602_RS = 0;
  15   1          LCD1602_RW = 1;
  16   1          do {
  17   2              LCD1602_E = 1;
  18   2              sta = LCD1602_DB; 
  19   2              LCD1602_E = 0;
  20   2          } while (sta & 0x80); 
  21   1      }
  22          void LcdWriteCmd(unsigned char cmd)
  23          {
  24   1          LcdWaitReady();
  25   1          LCD1602_RS = 0;
  26   1          LCD1602_RW = 0;
  27   1          LCD1602_DB = cmd;
  28   1          LCD1602_E  = 1;
  29   1          LCD1602_E  = 0;
  30   1      }
  31          
  32          void LcdWriteDat(unsigned char dat)
  33          {
  34   1          LcdWaitReady();
  35   1          LCD1602_RS = 1;
  36   1          LCD1602_RW = 0;
  37   1          LCD1602_DB = dat;
  38   1          LCD1602_E  = 1;
  39   1          LCD1602_E  = 0;
  40   1      }
  41          /* 设置光标位置，(x,y)-对应屏幕上的字符坐标 */
  42          void LcdSetCursor(unsigned char x, unsigned char y)
  43          {
  44   1          unsigned char addr;
  45   1          
  46   1          if (y == 0)  
  47   1              addr = 0x00 + x;  
  48   1          else
  49   1              addr = 0x40 + x;  
  50   1          LcdWriteCmd(addr | 0x80);  
  51   1      }
  52          /* 在液晶上显示字符串，(x,y)-对应屏幕上的起始坐标，str-字符串指针 */
  53          void LcdShowStr(unsigned char x, unsigned char y, unsigned char *str)
  54          {
  55   1          LcdSetCursor(x, y);   //设置起始地址
C51 COMPILER V9.52.0.0   LCD1602                                                           12/07/2018 17:12:46 PAGE 2   

  56   1          while (*str != '\0')  //连续写入字符串数据，直到检测到结束符
  57   1          {
  58   2              LcdWriteDat(*str++);
  59   2          }
  60   1      }
  61          /* 区域清除，清除从(x,y)坐标起始的len个字符位 */
  62          void LcdAreaClear(unsigned char x, unsigned char y, unsigned char len)
  63          {
  64   1          LcdSetCursor(x, y);   //设置起始地址
  65   1          while (len--)         //连续写入空格
  66   1          {
  67   2              LcdWriteDat(' ');
  68   2          }
  69   1      }
  70          /* 初始化1602液晶 */
  71          void InitLcd1602()
  72          {
  73   1          LcdWriteCmd(0x38);  
  74   1          LcdWriteCmd(0x0C); 
  75   1          LcdWriteCmd(0x06); 
  76   1          LcdWriteCmd(0x01);  //清屏
  77   1      }
  78          
  79          void PutNumToString(unsigned char str[] ,unsigned int num)
  80          {
  81   1        unsigned char a[4],i;
  82   1        a[3] = '0'+num%10;
  83   1        a[2] = '.';
  84   1        a[1] = '0'+num/10%10;
  85   1        a[0] = '0'+num/100%10;
  86   1         for(i=0;i<4;i++)
  87   1        {
  88   2          str[i]=a[i];
  89   2        } 
  90   1      }


MODULE INFORMATION:   STATIC OVERLAYABLE
   CODE SIZE        =    280    ----
   CONSTANT SIZE    =   ----    ----
   XDATA SIZE       =   ----    ----
   PDATA SIZE       =   ----      10
   DATA SIZE        =   ----    ----
   IDATA SIZE       =   ----    ----
   BIT SIZE         =   ----    ----
END OF MODULE INFORMATION.


C51 COMPILATION COMPLETE.  0 WARNING(S),  0 ERROR(S)
